Analysis & Synthesis report for projeto
Mon Apr 01 14:48:36 2019
Quartus II 64-Bit Version 9.1 Build 350 03/24/2010 Service Pack 2 SJ Full Version


---------------------
; Table of Contents ;
---------------------
  1. Legal Notice
  2. Analysis & Synthesis Summary
  3. Analysis & Synthesis Settings
  4. Parallel Compilation
  5. Analysis & Synthesis Messages



----------------
; Legal Notice ;
----------------
Copyright (C) 1991-2010 Altera Corporation
Your use of Altera Corporation's design tools, logic functions 
and other software and tools, and its AMPP partner logic 
functions, and any output files from any of the foregoing 
(including device programming or simulation files), and any 
associated documentation or information are expressly subject 
to the terms and conditions of the Altera Program License 
Subscription Agreement, Altera MegaCore Function License 
Agreement, or other applicable license agreement, including, 
without limitation, that your use is for the sole purpose of 
programming logic devices manufactured by Altera and sold by 
Altera or its authorized distributors.  Please refer to the 
applicable agreement for further details.



+------------------------------------------------------------------------------------+
; Analysis & Synthesis Summary                                                       ;
+------------------------------------+-----------------------------------------------+
; Analysis & Synthesis Status        ; Failed - Mon Apr 01 14:48:36 2019             ;
; Quartus II 64-Bit Version          ; 9.1 Build 350 03/24/2010 SP 2 SJ Full Version ;
; Revision Name                      ; projeto                                       ;
; Top-level Entity Name              ; projeto                                       ;
; Family                             ; Cyclone II                                    ;
; Total logic elements               ; N/A until Partition Merge                     ;
;     Total combinational functions  ; N/A until Partition Merge                     ;
;     Dedicated logic registers      ; N/A until Partition Merge                     ;
; Total registers                    ; N/A until Partition Merge                     ;
; Total pins                         ; N/A until Partition Merge                     ;
; Total virtual pins                 ; N/A until Partition Merge                     ;
; Total memory bits                  ; N/A until Partition Merge                     ;
; Embedded Multiplier 9-bit elements ; N/A until Partition Merge                     ;
; Total PLLs                         ; N/A until Partition Merge                     ;
+------------------------------------+-----------------------------------------------+


+----------------------------------------------------------------------------------------------------------------------+
; Analysis & Synthesis Settings                                                                                        ;
+----------------------------------------------------------------------------+--------------------+--------------------+
; Option                                                                     ; Setting            ; Default Value      ;
+----------------------------------------------------------------------------+--------------------+--------------------+
; Top-level entity name                                                      ; projeto            ; projeto            ;
; Family name                                                                ; Cyclone II         ; Stratix II         ;
; Use Generated Physical Constraints File                                    ; Off                ;                    ;
; Use smart compilation                                                      ; Off                ; Off                ;
; Enable parallel Assembler and TimeQuest Timing Analyzer during compilation ; On                 ; On                 ;
; Enable compact report table                                                ; Off                ; Off                ;
; Restructure Multiplexers                                                   ; Auto               ; Auto               ;
; Create Debugging Nodes for IP Cores                                        ; Off                ; Off                ;
; Preserve fewer node names                                                  ; On                 ; On                 ;
; Disable OpenCore Plus hardware evaluation                                  ; Off                ; Off                ;
; Verilog Version                                                            ; Verilog_2001       ; Verilog_2001       ;
; VHDL Version                                                               ; VHDL_1993          ; VHDL_1993          ;
; State Machine Processing                                                   ; Auto               ; Auto               ;
; Safe State Machine                                                         ; Off                ; Off                ;
; Extract Verilog State Machines                                             ; On                 ; On                 ;
; Extract VHDL State Machines                                                ; On                 ; On                 ;
; Ignore Verilog initial constructs                                          ; Off                ; Off                ;
; Iteration limit for constant Verilog loops                                 ; 5000               ; 5000               ;
; Iteration limit for non-constant Verilog loops                             ; 250                ; 250                ;
; Add Pass-Through Logic to Inferred RAMs                                    ; On                 ; On                 ;
; Parallel Synthesis                                                         ; On                 ; On                 ;
; DSP Block Balancing                                                        ; Auto               ; Auto               ;
; NOT Gate Push-Back                                                         ; On                 ; On                 ;
; Power-Up Don't Care                                                        ; On                 ; On                 ;
; Remove Redundant Logic Cells                                               ; Off                ; Off                ;
; Remove Duplicate Registers                                                 ; On                 ; On                 ;
; Ignore CARRY Buffers                                                       ; Off                ; Off                ;
; Ignore CASCADE Buffers                                                     ; Off                ; Off                ;
; Ignore GLOBAL Buffers                                                      ; Off                ; Off                ;
; Ignore ROW GLOBAL Buffers                                                  ; Off                ; Off                ;
; Ignore LCELL Buffers                                                       ; Off                ; Off                ;
; Ignore SOFT Buffers                                                        ; On                 ; On                 ;
; Limit AHDL Integers to 32 Bits                                             ; Off                ; Off                ;
; Optimization Technique                                                     ; Balanced           ; Balanced           ;
; Carry Chain Length                                                         ; 70                 ; 70                 ;
; Auto Carry Chains                                                          ; On                 ; On                 ;
; Auto Open-Drain Pins                                                       ; On                 ; On                 ;
; Perform WYSIWYG Primitive Resynthesis                                      ; Off                ; Off                ;
; Auto ROM Replacement                                                       ; On                 ; On                 ;
; Auto RAM Replacement                                                       ; On                 ; On                 ;
; Auto Shift Register Replacement                                            ; Auto               ; Auto               ;
; Auto Clock Enable Replacement                                              ; On                 ; On                 ;
; Strict RAM Replacement                                                     ; Off                ; Off                ;
; Allow Synchronous Control Signals                                          ; On                 ; On                 ;
; Force Use of Synchronous Clear Signals                                     ; Off                ; Off                ;
; Auto RAM to Logic Cell Conversion                                          ; Off                ; Off                ;
; Auto Resource Sharing                                                      ; Off                ; Off                ;
; Allow Any RAM Size For Recognition                                         ; Off                ; Off                ;
; Allow Any ROM Size For Recognition                                         ; Off                ; Off                ;
; Allow Any Shift Register Size For Recognition                              ; Off                ; Off                ;
; Use LogicLock Constraints during Resource Balancing                        ; On                 ; On                 ;
; Ignore translate_off and synthesis_off directives                          ; Off                ; Off                ;
; Timing-Driven Synthesis                                                    ; Off                ; Off                ;
; Show Parameter Settings Tables in Synthesis Report                         ; On                 ; On                 ;
; Ignore Maximum Fan-Out Assignments                                         ; Off                ; Off                ;
; Synchronization Register Chain Length                                      ; 2                  ; 2                  ;
; PowerPlay Power Optimization                                               ; Normal compilation ; Normal compilation ;
; HDL message level                                                          ; Level2             ; Level2             ;
; Suppress Register Optimization Related Messages                            ; Off                ; Off                ;
; Number of Removed Registers Reported in Synthesis Report                   ; 5000               ; 5000               ;
; Number of Inverted Registers Reported in Synthesis Report                  ; 100                ; 100                ;
; Clock MUX Protection                                                       ; On                 ; On                 ;
; Auto Gated Clock Conversion                                                ; Off                ; Off                ;
; Block Design Naming                                                        ; Auto               ; Auto               ;
; SDC constraint protection                                                  ; Off                ; Off                ;
; Synthesis Effort                                                           ; Auto               ; Auto               ;
; Shift Register Replacement - Allow Asynchronous Clear Signal               ; On                 ; On                 ;
; Analysis & Synthesis Message Level                                         ; Medium             ; Medium             ;
; Disable Register Merging Across Hierarchies                                ; Auto               ; Auto               ;
; Resource Aware Inference For Block RAM                                     ; On                 ; On                 ;
+----------------------------------------------------------------------------+--------------------+--------------------+


+------------------------------------------+
; Parallel Compilation                     ;
+----------------------------+-------------+
; Processors                 ; Number      ;
+----------------------------+-------------+
; Number detected on machine ; 4           ;
; Maximum allowed            ; 4           ;
;                            ;             ;
; Average used               ; 1.00        ;
; Maximum used               ; 1           ;
;                            ;             ;
; Usage by Processor         ; % Time Used ;
;     1 processor            ; 100.0%      ;
;     2-4 processors         ;   0.0%      ;
+----------------------------+-------------+


+-------------------------------+
; Analysis & Synthesis Messages ;
+-------------------------------+
Info: *******************************************************************
Info: Running Quartus II 64-Bit Analysis & Synthesis
    Info: Version 9.1 Build 350 03/24/2010 Service Pack 2 SJ Full Version
    Info: Processing started: Mon Apr 01 14:48:34 2019
Info: Command: quartus_map --read_settings_files=on --write_settings_files=off projeto -c projeto
Info: Parallel compilation is enabled and will use 4 of the 4 processors detected
Info: Found 1 design units, including 1 entities, in source file bancoreg.sv
    Info: Found entity 1: bancoReg
Info: Found 1 design units, including 1 entities, in source file deslocamento.sv
    Info: Found entity 1: Deslocamento
Info: Found 2 design units, including 1 entities, in source file instr_reg_risc_v.vhd
    Info: Found design unit 1: Instr_Reg_RISC_V-behavioral_arch
    Info: Found entity 1: Instr_Reg_RISC_V
Info: Found 1 design units, including 1 entities, in source file memoria32.sv
    Info: Found entity 1: Memoria32
Info: Found 1 design units, including 1 entities, in source file memoria64.sv
    Info: Found entity 1: Memoria64
Info: Found 1 design units, including 1 entities, in source file ramonchip32.v
    Info: Found entity 1: ramOnChip
Info: Found 1 design units, including 1 entities, in source file ramonchip64.v
    Info: Found entity 1: ramOnChip64
Info: Found 1 design units, including 1 entities, in source file register.sv
    Info: Found entity 1: register
Info: Found 2 design units, including 1 entities, in source file ula64.vhd
    Info: Found design unit 1: Ula64-behavioral
    Info: Found entity 1: Ula64
Info: Found 1 design units, including 1 entities, in source file projeto.sv
    Info: Found entity 1: projeto
Info: Elaborating entity "projeto" for the top level hierarchy
Warning (10034): Output port "estado" at projeto.sv(2) has no driver
Warning (10034): Output port "MemData" at projeto.sv(6) has no driver
Info: Elaborating entity "register" for hierarchy "register:PC"
Info: Elaborating entity "Memoria32" for hierarchy "Memoria32:InstMem"
Warning (10230): Verilog HDL assignment warning at Memoria32.sv(37): truncated value with size 32 to match size of target (16)
Warning (10230): Verilog HDL assignment warning at Memoria32.sv(38): truncated value with size 32 to match size of target (16)
Warning (10230): Verilog HDL assignment warning at Memoria32.sv(39): truncated value with size 32 to match size of target (16)
Warning (10230): Verilog HDL assignment warning at Memoria32.sv(40): truncated value with size 32 to match size of target (16)
Warning (10230): Verilog HDL assignment warning at Memoria32.sv(45): truncated value with size 32 to match size of target (16)
Warning (10230): Verilog HDL assignment warning at Memoria32.sv(46): truncated value with size 32 to match size of target (16)
Warning (10230): Verilog HDL assignment warning at Memoria32.sv(47): truncated value with size 32 to match size of target (16)
Warning (10230): Verilog HDL assignment warning at Memoria32.sv(48): truncated value with size 32 to match size of target (16)
Info: Elaborating entity "Instr_Reg_RISC_V" for hierarchy "Instr_Reg_RISC_V:InstReg"
Info: Elaborating entity "Ula64" for hierarchy "Ula64:ULA"
Error: Node instance "memBlock0" instantiates undefined entity "ramOnChip32" File: C:/Users/gisf/Desktop/proj1/Memoria32.sv Line: 72
Error: Node instance "memBlock1" instantiates undefined entity "ramOnChip32" File: C:/Users/gisf/Desktop/proj1/Memoria32.sv Line: 74
Error: Node instance "memBlock2" instantiates undefined entity "ramOnChip32" File: C:/Users/gisf/Desktop/proj1/Memoria32.sv Line: 76
Error: Node instance "memBlock3" instantiates undefined entity "ramOnChip32" File: C:/Users/gisf/Desktop/proj1/Memoria32.sv Line: 78
Error: Quartus II 64-Bit Analysis & Synthesis was unsuccessful. 4 errors, 10 warnings
    Error: Peak virtual memory: 4475 megabytes
    Error: Processing ended: Mon Apr 01 14:48:36 2019
    Error: Elapsed time: 00:00:02
    Error: Total CPU time (on all processors): 00:00:02


