Classic Timing Analyzer report for projeto
Tue Apr 02 11:09:54 2019
Quartus II Version 9.1 Build 350 03/24/2010 Service Pack 2 SJ Full Version


---------------------
; Table of Contents ;
---------------------
  1. Legal Notice
  2. Timing Analyzer Summary
  3. Timing Analyzer Settings
  4. Clock Settings Summary
  5. Parallel Compilation
  6. Clock Setup: 'clock'
  7. tco
  8. Timing Analyzer Messages



----------------
; Legal Notice ;
----------------
Copyright (C) 1991-2010 Altera Corporation
Your use of Altera Corporation's design tools, logic functions 
and other software and tools, and its AMPP partner logic 
functions, and any output files from any of the foregoing 
(including device programming or simulation files), and any 
associated documentation or information are expressly subject 
to the terms and conditions of the Altera Program License 
Subscription Agreement, Altera MegaCore Function License 
Agreement, or other applicable license agreement, including, 
without limitation, that your use is for the sole purpose of 
programming logic devices manufactured by Altera and sold by 
Altera or its authorized distributors.  Please refer to the 
applicable agreement for further details.



+--------------------------------------------------------------------------------------------------------------------------------------------------------------------------------------------+
; Timing Analyzer Summary                                                                                                                                                                    ;
+------------------------------+-------+---------------+------------------------------------------------+----------------------+----------------------+------------+----------+--------------+
; Type                         ; Slack ; Required Time ; Actual Time                                    ; From                 ; To                   ; From Clock ; To Clock ; Failed Paths ;
+------------------------------+-------+---------------+------------------------------------------------+----------------------+----------------------+------------+----------+--------------+
; Worst-case tco               ; N/A   ; None          ; 6.626 ns                                       ; state.salvaInstrucao ; PCWrite              ; clock      ; --       ; 0            ;
; Clock Setup: 'clock'         ; N/A   ; None          ; Restricted to 420.17 MHz ( period = 2.380 ns ) ; state.salvaInstrucao ; state.salvaInstrucao ; clock      ; clock    ; 0            ;
; Total number of failed paths ;       ;               ;                                                ;                      ;                      ;            ;          ; 0            ;
+------------------------------+-------+---------------+------------------------------------------------+----------------------+----------------------+------------+----------+--------------+


+-----------------------------------------------------------------------------------------------------------------------------------------------------+
; Timing Analyzer Settings                                                                                                                            ;
+------------------------------------------------------------------------------------------------------+--------------------+------+----+-------------+
; Option                                                                                               ; Setting            ; From ; To ; Entity Name ;
+------------------------------------------------------------------------------------------------------+--------------------+------+----+-------------+
; Device Name                                                                                          ; EP2C5T144C6        ;      ;    ;             ;
; Timing Models                                                                                        ; Final              ;      ;    ;             ;
; Default hold multicycle                                                                              ; Same as Multicycle ;      ;    ;             ;
; Cut paths between unrelated clock domains                                                            ; On                 ;      ;    ;             ;
; Cut off read during write signal paths                                                               ; On                 ;      ;    ;             ;
; Cut off feedback from I/O pins                                                                       ; On                 ;      ;    ;             ;
; Report Combined Fast/Slow Timing                                                                     ; Off                ;      ;    ;             ;
; Ignore Clock Settings                                                                                ; Off                ;      ;    ;             ;
; Analyze latches as synchronous elements                                                              ; On                 ;      ;    ;             ;
; Enable Recovery/Removal analysis                                                                     ; Off                ;      ;    ;             ;
; Enable Clock Latency                                                                                 ; Off                ;      ;    ;             ;
; Use TimeQuest Timing Analyzer                                                                        ; Off                ;      ;    ;             ;
; Number of source nodes to report per destination node                                                ; 10                 ;      ;    ;             ;
; Number of destination nodes to report                                                                ; 10                 ;      ;    ;             ;
; Number of paths to report                                                                            ; 200                ;      ;    ;             ;
; Report Minimum Timing Checks                                                                         ; Off                ;      ;    ;             ;
; Use Fast Timing Models                                                                               ; Off                ;      ;    ;             ;
; Report IO Paths Separately                                                                           ; Off                ;      ;    ;             ;
; Perform Multicorner Analysis                                                                         ; On                 ;      ;    ;             ;
; Reports the worst-case path for each clock domain and analysis                                       ; Off                ;      ;    ;             ;
; Reports worst-case timing paths for each clock domain and analysis                                   ; On                 ;      ;    ;             ;
; Specifies the maximum number of worst-case timing paths to report for each clock domain and analysis ; 100                ;      ;    ;             ;
; Removes common clock path pessimism (CCPP) during slack computation                                  ; Off                ;      ;    ;             ;
; Output I/O Timing Endpoint                                                                           ; Near End           ;      ;    ;             ;
+------------------------------------------------------------------------------------------------------+--------------------+------+----+-------------+


+------------------------------------------------------------------------------------------------------------------------------------------------------------------------------------+
; Clock Settings Summary                                                                                                                                                             ;
+-----------------+--------------------+----------+------------------+---------------+--------------+----------+-----------------------+---------------------+--------+--------------+
; Clock Node Name ; Clock Setting Name ; Type     ; Fmax Requirement ; Early Latency ; Late Latency ; Based on ; Multiply Base Fmax by ; Divide Base Fmax by ; Offset ; Phase offset ;
+-----------------+--------------------+----------+------------------+---------------+--------------+----------+-----------------------+---------------------+--------+--------------+
; clock           ;                    ; User Pin ; None             ; 0.000 ns      ; 0.000 ns     ; --       ; N/A                   ; N/A                 ; N/A    ;              ;
+-----------------+--------------------+----------+------------------+---------------+--------------+----------+-----------------------+---------------------+--------+--------------+


+------------------------------------------+
; Parallel Compilation                     ;
+----------------------------+-------------+
; Processors                 ; Number      ;
+----------------------------+-------------+
; Number detected on machine ; 4           ;
; Maximum allowed            ; 4           ;
;                            ;             ;
; Average used               ; 1.00        ;
; Maximum used               ; 1           ;
;                            ;             ;
; Usage by Processor         ; % Time Used ;
;     1 processor            ; 100.0%      ;
;     2-4 processors         ;   0.0%      ;
+----------------------------+-------------+


+------------------------------------------------------------------------------------------------------------------------------------------------------------------------------------------------------------------+
; Clock Setup: 'clock'                                                                                                                                                                                             ;
+-------+------------------------------------------------+----------------------+----------------------+------------+----------+-----------------------------+---------------------------+-------------------------+
; Slack ; Actual fmax (period)                           ; From                 ; To                   ; From Clock ; To Clock ; Required Setup Relationship ; Required Longest P2P Time ; Actual Longest P2P Time ;
+-------+------------------------------------------------+----------------------+----------------------+------------+----------+-----------------------------+---------------------------+-------------------------+
; N/A   ; Restricted to 420.17 MHz ( period = 2.380 ns ) ; state.salvaInstrucao ; state.salvaInstrucao ; clock      ; clock    ; None                        ; None                      ; 0.407 ns                ;
+-------+------------------------------------------------+----------------------+----------------------+------------+----------+-----------------------------+---------------------------+-------------------------+


+----------------------------------------------------------------------------------+
; tco                                                                              ;
+-------+--------------+------------+----------------------+----------+------------+
; Slack ; Required tco ; Actual tco ; From                 ; To       ; From Clock ;
+-------+--------------+------------+----------------------+----------+------------+
; N/A   ; None         ; 6.626 ns   ; state.salvaInstrucao ; PCWrite  ; clock      ;
; N/A   ; None         ; 5.910 ns   ; state.salvaInstrucao ; LoadIR   ; clock      ;
; N/A   ; None         ; 5.878 ns   ; state.salvaInstrucao ; IMemRead ; clock      ;
+-------+--------------+------------+----------------------+----------+------------+


+--------------------------+
; Timing Analyzer Messages ;
+--------------------------+
Info: *******************************************************************
Info: Running Quartus II Classic Timing Analyzer
    Info: Version 9.1 Build 350 03/24/2010 Service Pack 2 SJ Full Version
    Info: Processing started: Tue Apr 02 11:09:54 2019
Info: Command: quartus_tan --read_settings_files=off --write_settings_files=off projeto -c projeto --timing_analysis_only
Info: Parallel compilation is enabled and will use 4 of the 4 processors detected
Warning: Found pins functioning as undefined clocks and/or memory enables
    Info: Assuming node "clock" is an undefined clock
Info: Clock "clock" Internal fmax is restricted to 420.17 MHz between source register "state.salvaInstrucao" and destination register "state.salvaInstrucao"
    Info: fmax restricted to clock pin edge rate 2.38 ns. Expand message to see actual delay path.
        Info: + Longest register to register delay is 0.407 ns
            Info: 1: + IC(0.000 ns) + CELL(0.000 ns) = 0.000 ns; Loc. = LCFF_X1_Y6_N1; Fanout = 4; REG Node = 'state.salvaInstrucao'
            Info: 2: + IC(0.000 ns) + CELL(0.323 ns) = 0.323 ns; Loc. = LCCOMB_X1_Y6_N0; Fanout = 1; COMB Node = 'state.salvaInstrucao~0'
            Info: 3: + IC(0.000 ns) + CELL(0.084 ns) = 0.407 ns; Loc. = LCFF_X1_Y6_N1; Fanout = 4; REG Node = 'state.salvaInstrucao'
            Info: Total cell delay = 0.407 ns ( 100.00 % )
        Info: - Smallest clock skew is 0.000 ns
            Info: + Shortest clock path from clock "clock" to destination register is 1.857 ns
                Info: 1: + IC(0.000 ns) + CELL(0.989 ns) = 0.989 ns; Loc. = PIN_17; Fanout = 1; CLK Node = 'clock'
                Info: 2: + IC(0.331 ns) + CELL(0.537 ns) = 1.857 ns; Loc. = LCFF_X1_Y6_N1; Fanout = 4; REG Node = 'state.salvaInstrucao'
                Info: Total cell delay = 1.526 ns ( 82.18 % )
                Info: Total interconnect delay = 0.331 ns ( 17.82 % )
            Info: - Longest clock path from clock "clock" to source register is 1.857 ns
                Info: 1: + IC(0.000 ns) + CELL(0.989 ns) = 0.989 ns; Loc. = PIN_17; Fanout = 1; CLK Node = 'clock'
                Info: 2: + IC(0.331 ns) + CELL(0.537 ns) = 1.857 ns; Loc. = LCFF_X1_Y6_N1; Fanout = 4; REG Node = 'state.salvaInstrucao'
                Info: Total cell delay = 1.526 ns ( 82.18 % )
                Info: Total interconnect delay = 0.331 ns ( 17.82 % )
        Info: + Micro clock to output delay of source is 0.250 ns
        Info: + Micro setup delay of destination is -0.036 ns
Info: tco from clock "clock" to destination pin "PCWrite" through register "state.salvaInstrucao" is 6.626 ns
    Info: + Longest clock path from clock "clock" to source register is 1.857 ns
        Info: 1: + IC(0.000 ns) + CELL(0.989 ns) = 0.989 ns; Loc. = PIN_17; Fanout = 1; CLK Node = 'clock'
        Info: 2: + IC(0.331 ns) + CELL(0.537 ns) = 1.857 ns; Loc. = LCFF_X1_Y6_N1; Fanout = 4; REG Node = 'state.salvaInstrucao'
        Info: Total cell delay = 1.526 ns ( 82.18 % )
        Info: Total interconnect delay = 0.331 ns ( 17.82 % )
    Info: + Micro clock to output delay of source is 0.250 ns
    Info: + Longest register to pin delay is 4.519 ns
        Info: 1: + IC(0.000 ns) + CELL(0.000 ns) = 0.000 ns; Loc. = LCFF_X1_Y6_N1; Fanout = 4; REG Node = 'state.salvaInstrucao'
        Info: 2: + IC(1.731 ns) + CELL(2.788 ns) = 4.519 ns; Loc. = PIN_129; Fanout = 0; PIN Node = 'PCWrite'
        Info: Total cell delay = 2.788 ns ( 61.70 % )
        Info: Total interconnect delay = 1.731 ns ( 38.30 % )
Info: Quartus II Classic Timing Analyzer was successful. 0 errors, 1 warning
    Info: Peak virtual memory: 200 megabytes
    Info: Processing ended: Tue Apr 02 11:09:54 2019
    Info: Elapsed time: 00:00:00
    Info: Total CPU time (on all processors): 00:00:00


